<?xml version="1.0" encoding="utf-8"?><testsuites><testsuite name="pytest" errors="0" failures="0" skipped="0" tests="4" time="0.708" timestamp="2025-03-18T17:02:20.088602+00:00" hostname="ed5e8dec0257"><testcase classname="tests.integration.product.test_product" name="test_health_check" time="0.028" /><testcase classname="tests.integration.product.test_product" name="test_01_create_product" time="0.175" /><testcase classname="tests.integration.product.test_product" name="test_02_update_product" time="0.000" /><testcase classname="tests.integration.product.test_product" name="test_delete_product" time="0.000" /></testsuite></testsuites>