<?xml version="1.0" encoding="utf-8"?><testsuites><testsuite name="pytest" errors="0" failures="0" skipped="0" tests="4" time="0.684" timestamp="2025-03-21T17:50:05.739062+00:00" hostname="140fb73661a9"><testcase classname="tests.integration.product.test_product" name="test_health_check" time="0.033" /><testcase classname="tests.integration.product.test_product" name="test_01_create_product" time="0.180" /><testcase classname="tests.integration.product.test_product" name="test_02_update_product" time="0.000" /><testcase classname="tests.integration.product.test_product" name="test_delete_product" time="0.000" /></testsuite></testsuites>